<?xml version="1.0" encoding="UTF-8"?>
<!-- Generated by org.testng.reporters.JUnitXMLReporter -->
<testsuite ignored="0" hostname="Ruby" failures="0" tests="9" name="Default test" time="55.986" errors="0" timestamp="2024-05-30T19:18:29 IST">
  <testcase classname="testpkg.AdoreTest" name="signInTest" time="20.126"/>
  <testcase classname="testpkg.AdoreTest" name="logoVerification" time="0.1"/>
  <testcase classname="testpkg.AdoreTest" name="searchTest" time="2.466"/>
  <testcase classname="testpkg.AdoreTest" name="wishlistTest" time="8.16"/>
  <testcase classname="testpkg.AdoreTest" name="menulist" time="10.431"/>
  <testcase classname="testpkg.AdoreTest" name="linkCountTest" time="2.219"/>
  <testcase classname="testpkg.AdoreTest" name="menuDisplay" time="0.633"/>
  <testcase classname="testpkg.AdoreTest" name="pageScrnsht" time="1.931"/>
  <testcase classname="testpkg.AdoreTest" name="logoScreenshot" time="0.16"/>
</testsuite> <!-- Default test -->
